2019-01-11 15:18:54,585 INFO  [Log] **************************************************************************************** 
2019-01-11 15:18:54,585 INFO  [Log] **************************************************************************************** 
2019-01-11 15:18:54,585 INFO  [Log] $$$$$$$$$$$$$$$$$$$$$                 Test_Case_001       $$$$$$$$$$$$$$$$$$$$$$$$$ 
2019-01-11 15:18:54,585 INFO  [Log] **************************************************************************************** 
2019-01-11 15:18:54,585 INFO  [Log] **************************************************************************************** 
2019-01-11 15:18:54,839 INFO  [Log] Extent reports are generating for Read XML Test..!! 
2019-01-11 15:18:54,854 INFO  [Log] Read XML Test is started..!! 
2019-01-11 15:18:54,882 INFO  [Log] Output is as expected..!! 
2019-01-11 15:18:55,139 INFO  [Log] Report is completely generated for Read XML Test..!! 
2019-01-11 15:18:55,255 INFO  [Log] Extent reports are generating for Write XML Test..!! 
2019-01-11 15:18:55,255 INFO  [Log] Write XML Test is started..!! 
2019-01-11 15:18:55,255 INFO  [Log] Either NO Operations are to be performed or Issue with one of them, please check count :
 Add Operation :0
 Update Element :0
 Update Attribute :0
 Delete Element :0 
2019-01-11 15:18:55,302 INFO  [Log] Report is completely generated for Write XML Test..!! 
2019-01-11 15:36:23,964 INFO  [Log] **************************************************************************************** 
2019-01-11 15:36:23,964 INFO  [Log] **************************************************************************************** 
2019-01-11 15:36:23,964 INFO  [Log] $$$$$$$$$$$$$$$$$$$$$                 Test_Case_001       $$$$$$$$$$$$$$$$$$$$$$$$$ 
2019-01-11 15:36:23,964 INFO  [Log] **************************************************************************************** 
2019-01-11 15:36:23,964 INFO  [Log] **************************************************************************************** 
2019-01-11 15:36:24,075 INFO  [Log] Extent reports are generating for Read XML Test..!! 
2019-01-11 15:36:24,075 INFO  [Log] Read XML Test is started..!! 
2019-01-11 15:36:24,096 INFO  [Log] Output is as expected..!! 
2019-01-11 15:36:24,327 INFO  [Log] Report is completely generated for Read XML Test..!! 
2019-01-11 15:36:24,574 INFO  [Log] Extent reports are generating for Write XML Test..!! 
2019-01-11 15:36:24,574 INFO  [Log] Write XML Test is started..!! 
2019-01-11 15:36:24,574 INFO  [Log] Either NO Operations are to be performed or Issue with one of them, please check count :
 Add Operation :0
 Update Element :0
 Update Attribute :0
 Delete Element :0 
2019-01-11 15:36:24,643 INFO  [Log] Report is completely generated for Write XML Test..!! 
2019-01-11 16:11:25,990 INFO  [Log] **************************************************************************************** 
2019-01-11 16:11:25,990 INFO  [Log] **************************************************************************************** 
2019-01-11 16:11:25,990 INFO  [Log] $$$$$$$$$$$$$$$$$$$$$                 Test_Case_001       $$$$$$$$$$$$$$$$$$$$$$$$$ 
2019-01-11 16:11:25,990 INFO  [Log] **************************************************************************************** 
2019-01-11 16:11:25,990 INFO  [Log] **************************************************************************************** 
2019-01-11 16:12:06,952 INFO  [Log] Clicked on login button and entered username & password..!! 
2019-01-11 16:12:07,639 INFO  [Log] Browser Closed 
2019-01-11 16:12:08,463 INFO  [Log] XXXXXXXXXXXXXXXXXXXXXXX             -E---N---D-             XXXXXXXXXXXXXXXXXXXXXX 
2019-01-11 16:12:08,463 INFO  [Log] X 
2019-01-11 16:12:08,463 INFO  [Log] X 
2019-01-11 16:12:08,463 INFO  [Log] X 
2019-01-11 16:12:08,463 INFO  [Log] X 
2019-01-11 16:13:41,042 INFO  [Log] **************************************************************************************** 
2019-01-11 16:13:41,042 INFO  [Log] **************************************************************************************** 
2019-01-11 16:13:41,042 INFO  [Log] $$$$$$$$$$$$$$$$$$$$$                 Test_Case_001       $$$$$$$$$$$$$$$$$$$$$$$$$ 
2019-01-11 16:13:41,042 INFO  [Log] **************************************************************************************** 
2019-01-11 16:13:41,042 INFO  [Log] **************************************************************************************** 
2019-01-11 16:13:47,484 INFO  [Log] Browser Closed 
2019-01-11 16:13:48,090 INFO  [Log] XXXXXXXXXXXXXXXXXXXXXXX             -E---N---D-             XXXXXXXXXXXXXXXXXXXXXX 
2019-01-11 16:13:48,090 INFO  [Log] X 
2019-01-11 16:13:48,090 INFO  [Log] X 
2019-01-11 16:13:48,090 INFO  [Log] X 
2019-01-11 16:13:48,090 INFO  [Log] X 
2019-01-11 16:17:25,094 INFO  [Log] **************************************************************************************** 
2019-01-11 16:17:25,094 INFO  [Log] **************************************************************************************** 
2019-01-11 16:17:25,094 INFO  [Log] $$$$$$$$$$$$$$$$$$$$$                 Test_Case_001       $$$$$$$$$$$$$$$$$$$$$$$$$ 
2019-01-11 16:17:25,094 INFO  [Log] **************************************************************************************** 
2019-01-11 16:17:25,094 INFO  [Log] **************************************************************************************** 
2019-01-11 16:17:25,791 INFO  [Log] Extent reports are generating for Excel Test..!! 
2019-01-11 16:17:25,795 INFO  [Log] Excel Test is started..!! 
2019-01-11 16:17:25,795 INFO  [Log] Data in rows are NOT as expected 
2019-01-11 16:17:26,025 INFO  [Log] Report is completely generated for Excel Test..!! 
2019-01-11 16:21:28,975 INFO  [Log] **************************************************************************************** 
2019-01-11 16:21:28,975 INFO  [Log] **************************************************************************************** 
2019-01-11 16:21:28,975 INFO  [Log] $$$$$$$$$$$$$$$$$$$$$                 Test_Case_001       $$$$$$$$$$$$$$$$$$$$$$$$$ 
2019-01-11 16:21:28,975 INFO  [Log] **************************************************************************************** 
2019-01-11 16:21:28,975 INFO  [Log] **************************************************************************************** 
2019-01-11 16:21:29,575 INFO  [Log] Extent reports are generating for Excel Test..!! 
2019-01-11 16:21:29,575 INFO  [Log] Excel Test is started..!! 
2019-01-11 16:21:29,575 INFO  [Log] Data in rows are NOT as expected 
2019-01-11 16:21:29,791 INFO  [Log] Report is completely generated for Excel Test..!! 
2019-01-11 16:24:00,139 INFO  [Log] **************************************************************************************** 
2019-01-11 16:24:00,139 INFO  [Log] **************************************************************************************** 
2019-01-11 16:24:00,139 INFO  [Log] $$$$$$$$$$$$$$$$$$$$$                 Test_Case_001       $$$$$$$$$$$$$$$$$$$$$$$$$ 
2019-01-11 16:24:00,139 INFO  [Log] **************************************************************************************** 
2019-01-11 16:24:00,139 INFO  [Log] **************************************************************************************** 
2019-01-11 16:24:00,756 INFO  [Log] Extent reports are generating for Excel Test..!! 
2019-01-11 16:24:00,756 INFO  [Log] Excel Test is started..!! 
2019-01-11 16:24:00,756 INFO  [Log] Data in rows are NOT as expected 
2019-01-11 16:24:00,989 INFO  [Log] Report is completely generated for Excel Test..!! 
2019-01-11 16:25:57,148 INFO  [Log] **************************************************************************************** 
2019-01-11 16:25:57,148 INFO  [Log] **************************************************************************************** 
2019-01-11 16:25:57,148 INFO  [Log] $$$$$$$$$$$$$$$$$$$$$                 Test_Case_001       $$$$$$$$$$$$$$$$$$$$$$$$$ 
2019-01-11 16:25:57,148 INFO  [Log] **************************************************************************************** 
2019-01-11 16:25:57,148 INFO  [Log] **************************************************************************************** 
2019-01-11 16:25:57,749 INFO  [Log] Extent reports are generating for Excel Test..!! 
2019-01-11 16:25:57,765 INFO  [Log] Excel Test is started..!! 
2019-01-11 16:25:57,765 INFO  [Log] Data in rows are NOT as expected 
2019-01-11 16:25:57,987 INFO  [Log] Report is completely generated for Excel Test..!! 
2019-01-11 16:27:54,758 INFO  [Log] **************************************************************************************** 
2019-01-11 16:27:54,758 INFO  [Log] **************************************************************************************** 
2019-01-11 16:27:54,758 INFO  [Log] $$$$$$$$$$$$$$$$$$$$$                 Test_Case_001       $$$$$$$$$$$$$$$$$$$$$$$$$ 
2019-01-11 16:27:54,758 INFO  [Log] **************************************************************************************** 
2019-01-11 16:27:54,758 INFO  [Log] **************************************************************************************** 
2019-01-11 16:27:55,358 INFO  [Log] Extent reports are generating for Excel Test..!! 
2019-01-11 16:27:55,358 INFO  [Log] Excel Test is started..!! 
2019-01-11 16:27:55,358 INFO  [Log] Data in rows are NOT as expected 
2019-01-11 16:27:55,575 INFO  [Log] Report is completely generated for Excel Test..!! 
2019-01-11 16:28:38,780 INFO  [Log] **************************************************************************************** 
2019-01-11 16:28:38,796 INFO  [Log] **************************************************************************************** 
2019-01-11 16:28:38,796 INFO  [Log] $$$$$$$$$$$$$$$$$$$$$                 Test_Case_001       $$$$$$$$$$$$$$$$$$$$$$$$$ 
2019-01-11 16:28:38,796 INFO  [Log] **************************************************************************************** 
2019-01-11 16:28:38,796 INFO  [Log] **************************************************************************************** 
2019-01-11 16:28:39,450 INFO  [Log] Extent reports are generating for Excel Test..!! 
2019-01-11 16:28:39,450 INFO  [Log] Excel Test is started..!! 
2019-01-11 16:28:39,450 INFO  [Log] Data in rows are NOT as expected 
2019-01-11 16:28:39,682 INFO  [Log] Report is completely generated for Excel Test..!! 
2019-01-11 16:42:59,521 INFO  [Log] **************************************************************************************** 
2019-01-11 16:42:59,521 INFO  [Log] **************************************************************************************** 
2019-01-11 16:42:59,521 INFO  [Log] $$$$$$$$$$$$$$$$$$$$$                 Test_Case_001       $$$$$$$$$$$$$$$$$$$$$$$$$ 
2019-01-11 16:42:59,521 INFO  [Log] **************************************************************************************** 
2019-01-11 16:42:59,521 INFO  [Log] **************************************************************************************** 
2019-01-11 16:43:00,122 INFO  [Log] Extent reports are generating for Read Excel Test..!! 
2019-01-11 16:43:00,122 INFO  [Log] Read Excel Test is started..!! 
2019-01-11 16:43:00,122 INFO  [Log] Data in rows are as expected 
2019-01-11 16:43:00,355 INFO  [Log] Report is completely generated for Read Excel Test..!! 
2019-01-11 16:43:58,939 INFO  [Log] **************************************************************************************** 
2019-01-11 16:43:58,939 INFO  [Log] **************************************************************************************** 
2019-01-11 16:43:58,939 INFO  [Log] $$$$$$$$$$$$$$$$$$$$$                 Test_Case_001       $$$$$$$$$$$$$$$$$$$$$$$$$ 
2019-01-11 16:43:58,939 INFO  [Log] **************************************************************************************** 
2019-01-11 16:43:58,939 INFO  [Log] **************************************************************************************** 
2019-01-11 16:43:59,419 INFO  [Log] Extent reports are generating for Read Excel Test..!! 
2019-01-11 16:43:59,435 INFO  [Log] Read Excel Test is started..!! 
2019-01-11 16:43:59,435 INFO  [Log] Data in rows are as expected 
2019-01-11 16:43:59,636 INFO  [Log] Report is completely generated for Read Excel Test..!! 
2019-01-11 16:45:19,374 INFO  [Log] **************************************************************************************** 
2019-01-11 16:45:19,374 INFO  [Log] **************************************************************************************** 
2019-01-11 16:45:19,374 INFO  [Log] $$$$$$$$$$$$$$$$$$$$$                 Test_Case_001       $$$$$$$$$$$$$$$$$$$$$$$$$ 
2019-01-11 16:45:19,374 INFO  [Log] **************************************************************************************** 
2019-01-11 16:45:19,374 INFO  [Log] **************************************************************************************** 
2019-01-11 16:45:19,859 INFO  [Log] Extent reports are generating for Read Excel Test..!! 
2019-01-11 16:45:19,859 INFO  [Log] Read Excel Test is started..!! 
2019-01-11 16:45:19,859 INFO  [Log] Data in rows are as expected 
2019-01-11 16:45:20,059 INFO  [Log] Report is completely generated for Read Excel Test..!! 
